========================================================================= 
Log Path: acetate_log_file.log 
Working Directory: /mnt/STORE1/bighome/samuelgamboa/Projects/taxPProValidation 
User Name: samuelgamboa 
R Version: 4.3.1 (2023-06-16) 
Machine: supermicro x86_64 
Operating System: Linux 5.4.0-150-generic #167-Ubuntu SMP Mon May 15 17:35:05 UTC 2023 
Base Packages: stats graphics grDevices utils datasets methods base Other Packages: tidyr_1.3.0 BiocParallel_1.34.2 bugphyzzExports_0.0.0.9000 data.tree_1.0.0 dplyr_1.1.2 rlang_1.1.1 purrr_1.0.2 taxPPro_0.1.0 bugphyzz_0.0.1.3 logr_1.3.4 
Log Start Time: 2023-08-15 16:48:49.142256 
========================================================================= 
Using 58 cores. 

Creating data to validate acetate. 

Error: Invalid keyword(s): acetate. Check valid keywords with showPhys() or use 'all' to import all physiologies. 
Traceback: 
[1] "2: stop(\"Invalid keyword(s): \", paste0(invalid_keywords, collapse = \", \"), "     
[2] "       \".\", \" Check valid keywords with showPhys() or use 'all' to import all\", "
[3] "       \" physiologies.\", call. = FALSE)"                                           
[4] "1: physiologies(phys_name, full_source = FALSE)"                                     
========================================================================= 
Log End Time: 2023-08-15 16:48:49.182891 
Log Elapsed Time: 0 00:00:00 
========================================================================= 
