========================================================================= 
Log Path: growth_log_file.log 
 
Traceback: 
 [1] "12: close(con)"                                                          
 [2] "11: readRDS(file)"                                                       
 [3] "10: FUN(X[[i]], ...)"                                                    
 [4] "9: lapply(package, packageDescription, encoding = NA)"                   
 [5] "8: sessionInfo()"                                                        
 [6] "7: common::Sys.path()"                                                   
 [7] "6: doTryCatch(return(expr), name, parentenv, handler)"                   
 [8] "5: tryCatchOne(expr, names, parentenv, handlers[[1L]])"                  
 [9] "4: tryCatchList(expr, classes, parentenv, handlers)"                     
[10] "3: tryCatch({"                                                           
[11] "       ppth <- common::Sys.path()"                                       
[12] "   }, error = function(e) {"                                             
[13] "       ppth <- NULL"                                                     
[14] "   })"                                                                   
[15] "2: print_log_header(lpath)"                                              
[16] "1: log_open(logfile, logdir = FALSE, compact = TRUE, show_notes = FALSE)"
Working Directory: /mnt/STORE1/bighome/samuelgamboa/Projects/taxPProValidation 
User Name: samuelgamboa 
R Version: 4.3.1 (2023-06-16) 
Machine: supermicro x86_64 
Operating System: Linux 5.4.0-150-generic #167-Ubuntu SMP Mon May 15 17:35:05 UTC 2023 
Base Packages: stats graphics grDevices utils datasets methods base Other Packages: tidyr_1.3.0 BiocParallel_1.34.2 bugphyzzExports_0.0.0.9000 data.tree_1.0.0 dplyr_1.1.2 rlang_1.1.1 purrr_1.0.2 taxPPro_0.1.0 bugphyzz_0.0.1.3 logr_1.3.4 
Log Start Time: 2023-08-15 16:48:59.645618 
========================================================================= 
[1] "Using 58 cores."
Using 58 cores. 

[1] "Creating data to validate growth."
Creating data to validate growth. 

[1] "Error: Invalid keyword(s): growth. Check valid keywords with showPhys() or use 'all' to import all physiologies.\n"
Error: Invalid keyword(s): growth. Check valid keywords with showPhys() or use 'all' to import all physiologies. 
[1] "Traceback:"
Traceback: 
[1] "2: stop(\"Invalid keyword(s): \", paste0(invalid_keywords, collapse = \", \"), "     
[2] "       \".\", \" Check valid keywords with showPhys() or use 'all' to import all\", "
[3] "       \" physiologies.\", call. = FALSE)"                                           
[4] "1: physiologies(phys_name, full_source = FALSE)"                                     
[1] "2: stop(\"Invalid keyword(s): \", paste0(invalid_keywords, collapse = \", \"), "     
[2] "       \".\", \" Check valid keywords with showPhys() or use 'all' to import all\", "
[3] "       \" physiologies.\", call. = FALSE)"                                           
[4] "1: physiologies(phys_name, full_source = FALSE)"                                     
========================================================================= 
Log End Time: 2023-08-15 16:48:59.683926 
Log Elapsed Time: 0 00:00:00 
========================================================================= 
