========================================================================= 
Log Path: growth_temperature_log_file.log 
Program Path: /mnt/STORE1/bighome/samuelgamboa/Projects/taxPProValidation/growth_temperature.R 
Working Directory: /mnt/STORE1/bighome/samuelgamboa/Projects/taxPProValidation 
User Name: samuelgamboa 
R Version: 4.3.1 (2023-06-16) 
Machine: supermicro x86_64 
Operating System: Linux 5.4.0-150-generic #167-Ubuntu SMP Mon May 15 17:35:05 UTC 2023 
Base Packages: stats graphics grDevices utils datasets methods base Other Packages: tidyr_1.3.0 BiocParallel_1.34.2 bugphyzzExports_0.0.0.9000 data.tree_1.0.0 dplyr_1.1.2 rlang_1.1.1 purrr_1.0.2 taxPPro_0.1.0 bugphyzz_0.0.1.3 logr_1.3.4 
Log Start Time: 2023-08-15 11:54:54.39063 
========================================================================= 
Using 58 cores. 

Creating data to validategrowth temperature. 

Creating data to validate growth temperature. 

Error: object 'datA_ready' not found 
Traceback: 
No traceback available 
========================================================================= 
Log End Time: 2023-08-15 12:01:50.54401 
Log Elapsed Time: 0 00:06:56 
========================================================================= 
